d:\users\mika\documents\visual studio c++\c++training\c++training\release\vcpkg.applocal.log
d:\users\mika\documents\visual studio c++\c++training\c++training\release\vc142.pdb
d:\users\mika\documents\visual studio c++\c++training\c++training\release\union-find.obj
d:\users\mika\documents\visual studio c++\c++training\c++training\release\timer.obj
d:\users\mika\documents\visual studio c++\c++training\c++training\release\simple_coroutine.obj
d:\users\mika\documents\visual studio c++\c++training\c++training\release\mikalibrary.obj
d:\users\mika\documents\visual studio c++\c++training\c++training\release\class.obj
d:\users\mika\documents\visual studio c++\c++training\c++training\release\c++training.obj
d:\users\mika\documents\visual studio c++\c++training\c++training\release\testfunction.obj
d:\users\mika\documents\visual studio c++\c++training\c++training\release\sorts.obj
d:\users\mika\documents\visual studio c++\c++training\c++training\release\singleton.obj
d:\users\mika\documents\visual studio c++\c++training\c++training\release\delegate.obj
d:\users\mika\documents\visual studio c++\c++training\release\c++training.exe
d:\users\mika\documents\visual studio c++\c++training\c++training\release\c++training.ipdb
d:\users\mika\documents\visual studio c++\c++training\c++training\release\c++training.iobj
d:\users\mika\documents\visual studio c++\c++training\release\c++training.pdb
d:\users\mika\documents\visual studio c++\c++training\c++training\release\c++training.tlog\c++training.write.1u.tlog
d:\users\mika\documents\visual studio c++\c++training\c++training\release\c++training.tlog\cl.command.1.tlog
d:\users\mika\documents\visual studio c++\c++training\c++training\release\c++training.tlog\cl.read.1.tlog
d:\users\mika\documents\visual studio c++\c++training\c++training\release\c++training.tlog\cl.write.1.tlog
d:\users\mika\documents\visual studio c++\c++training\c++training\release\c++training.tlog\link.command.1.tlog
d:\users\mika\documents\visual studio c++\c++training\c++training\release\c++training.tlog\link.read.1.tlog
d:\users\mika\documents\visual studio c++\c++training\c++training\release\c++training.tlog\link.write.1.tlog
